<?xml version="1.0" encoding="UTF-8"?>
<testng-results skipped="0" failed="1" ignored="0" total="3" passed="2">
  <reporter-output>
  </reporter-output>
  <suite name="Suite" duration-ms="40223" started-at="2021-05-20T21:51:10Z" finished-at="2021-05-20T21:51:50Z">
    <groups>
      <group name="valid">
        <method signature="LoginTest.validLogin(java.lang.String)[pri:1, instance:tests.LoginTest@3c09711b]" name="validLogin" class="tests.LoginTest"/>
      </group> <!-- valid -->
      <group name="invalid">
        <method signature="LoginTest.invalidLogin(java.lang.String)[pri:3, instance:tests.LoginTest@3c09711b]" name="invalidLogin" class="tests.LoginTest"/>
        <method signature="LoginTest.invalidLogin1(java.lang.String)[pri:2, instance:tests.LoginTest@3c09711b]" name="invalidLogin1" class="tests.LoginTest"/>
      </group> <!-- invalid -->
    </groups>
    <test name="Test" duration-ms="40223" started-at="2021-05-20T21:51:10Z" finished-at="2021-05-20T21:51:50Z">
      <class name="tests.LoginTest">
        <test-method status="PASS" signature="setExtent()[pri:0, instance:tests.LoginTest@3c09711b]" name="setExtent" is-config="true" duration-ms="82" started-at="2021-05-20T21:51:10Z" finished-at="2021-05-20T21:51:10Z">
          <reporter-output>
          </reporter-output>
        </test-method> <!-- setExtent -->
        <test-method status="PASS" signature="intializeWebdriver()[pri:0, instance:tests.LoginTest@3c09711b]" name="intializeWebdriver" is-config="true" duration-ms="1747" started-at="2021-05-20T21:51:10Z" finished-at="2021-05-20T21:51:12Z">
          <reporter-output>
          </reporter-output>
        </test-method> <!-- intializeWebdriver -->
        <test-method status="PASS" signature="openBrowser()[pri:0, instance:tests.LoginTest@3c09711b]" name="openBrowser" is-config="true" duration-ms="3818" started-at="2021-05-20T21:51:12Z" finished-at="2021-05-20T21:51:16Z">
          <reporter-output>
          </reporter-output>
        </test-method> <!-- openBrowser -->
        <test-method status="FAIL" signature="validLogin(java.lang.String)[pri:1, instance:tests.LoginTest@3c09711b]" name="validLogin" duration-ms="3086" started-at="2021-05-20T21:51:16Z" finished-at="2021-05-20T21:51:19Z">
          <params>
            <param index="0">
              <value>
                <![CDATA[9450007762]]>
              </value>
            </param>
          </params>
          <exception class="java.lang.AssertionError">
            <message>
              <![CDATA[expected:<Amazon $ign-In> but was:<Amazon Sign-In>]]>
            </message>
            <full-stacktrace>
              <![CDATA[java.lang.AssertionError: expected:<Amazon $ign-In> but was:<Amazon Sign-In>
at org.testng.AssertJUnit.assertEquals(AssertJUnit.java:101)
at org.testng.AssertJUnit.assertEquals(AssertJUnit.java:108)
at tests.LoginTest.validLogin(LoginTest.java:35)
at sun.reflect.NativeMethodAccessorImpl.invoke0(Native Method)
at sun.reflect.NativeMethodAccessorImpl.invoke(NativeMethodAccessorImpl.java:62)
at sun.reflect.DelegatingMethodAccessorImpl.invoke(DelegatingMethodAccessorImpl.java:43)
at java.lang.reflect.Method.invoke(Method.java:498)
at org.testng.internal.MethodInvocationHelper.invokeMethod(MethodInvocationHelper.java:124)
at org.testng.internal.Invoker.invokeMethod(Invoker.java:583)
at org.testng.internal.Invoker.invokeTestMethod(Invoker.java:719)
at org.testng.internal.Invoker.invokeTestMethods(Invoker.java:989)
at org.testng.internal.TestMethodWorker.invokeTestMethods(TestMethodWorker.java:125)
at org.testng.internal.TestMethodWorker.run(TestMethodWorker.java:109)
at org.testng.TestRunner.privateRun(TestRunner.java:648)
at org.testng.TestRunner.run(TestRunner.java:505)
at org.testng.SuiteRunner.runTest(SuiteRunner.java:455)
at org.testng.SuiteRunner.runSequentially(SuiteRunner.java:450)
at org.testng.SuiteRunner.privateRun(SuiteRunner.java:415)
at org.testng.SuiteRunner.run(SuiteRunner.java:364)
at org.testng.SuiteRunnerWorker.runSuite(SuiteRunnerWorker.java:52)
at org.testng.SuiteRunnerWorker.run(SuiteRunnerWorker.java:84)
at org.testng.TestNG.runSuitesSequentially(TestNG.java:1208)
at org.testng.TestNG.runSuitesLocally(TestNG.java:1137)
at org.testng.TestNG.runSuites(TestNG.java:1049)
at org.testng.TestNG.run(TestNG.java:1017)
at org.apache.maven.surefire.testng.TestNGExecutor.run(TestNGExecutor.java:284)
at org.apache.maven.surefire.testng.TestNGXmlTestSuite.execute(TestNGXmlTestSuite.java:75)
at org.apache.maven.surefire.testng.TestNGProvider.invoke(TestNGProvider.java:119)
at org.apache.maven.surefire.booter.ForkedBooter.runSuitesInProcess(ForkedBooter.java:428)
at org.apache.maven.surefire.booter.ForkedBooter.execute(ForkedBooter.java:162)
at org.apache.maven.surefire.booter.ForkedBooter.run(ForkedBooter.java:562)
at org.apache.maven.surefire.booter.ForkedBooter.main(ForkedBooter.java:548)
]]>
            </full-stacktrace>
          </exception> <!-- java.lang.AssertionError -->
          <reporter-output>
          </reporter-output>
        </test-method> <!-- validLogin -->
        <test-method status="PASS" signature="closeBrowser()[pri:0, instance:tests.LoginTest@3c09711b]" name="closeBrowser" is-config="true" duration-ms="104" started-at="2021-05-20T21:51:19Z" finished-at="2021-05-20T21:51:19Z">
          <reporter-output>
          </reporter-output>
        </test-method> <!-- closeBrowser -->
        <test-method status="PASS" signature="intializeWebdriver()[pri:0, instance:tests.LoginTest@3c09711b]" name="intializeWebdriver" is-config="true" duration-ms="1006" started-at="2021-05-20T21:51:19Z" finished-at="2021-05-20T21:51:20Z">
          <reporter-output>
          </reporter-output>
        </test-method> <!-- intializeWebdriver -->
        <test-method status="PASS" signature="openBrowser()[pri:0, instance:tests.LoginTest@3c09711b]" name="openBrowser" is-config="true" duration-ms="4055" started-at="2021-05-20T21:51:20Z" finished-at="2021-05-20T21:51:24Z">
          <reporter-output>
          </reporter-output>
        </test-method> <!-- openBrowser -->
        <test-method status="PASS" signature="invalidLogin1(java.lang.String)[pri:2, instance:tests.LoginTest@3c09711b]" name="invalidLogin1" duration-ms="3125" started-at="2021-05-20T21:51:24Z" finished-at="2021-05-20T21:51:27Z">
          <params>
            <param index="0">
              <value>
                <![CDATA[xyz@gmail.com]]>
              </value>
            </param>
          </params>
          <reporter-output>
          </reporter-output>
        </test-method> <!-- invalidLogin1 -->
        <test-method status="PASS" signature="closeBrowser()[pri:0, instance:tests.LoginTest@3c09711b]" name="closeBrowser" is-config="true" duration-ms="4099" started-at="2021-05-20T21:51:27Z" finished-at="2021-05-20T21:51:31Z">
          <reporter-output>
          </reporter-output>
        </test-method> <!-- closeBrowser -->
        <test-method status="PASS" signature="intializeWebdriver()[pri:0, instance:tests.LoginTest@3c09711b]" name="intializeWebdriver" is-config="true" duration-ms="1001" started-at="2021-05-20T21:51:31Z" finished-at="2021-05-20T21:51:32Z">
          <reporter-output>
          </reporter-output>
        </test-method> <!-- intializeWebdriver -->
        <test-method status="PASS" signature="openBrowser()[pri:0, instance:tests.LoginTest@3c09711b]" name="openBrowser" is-config="true" duration-ms="8927" started-at="2021-05-20T21:51:32Z" finished-at="2021-05-20T21:51:41Z">
          <reporter-output>
          </reporter-output>
        </test-method> <!-- openBrowser -->
        <test-method status="PASS" signature="invalidLogin(java.lang.String)[pri:3, instance:tests.LoginTest@3c09711b]" name="invalidLogin" duration-ms="5104" started-at="2021-05-20T21:51:41Z" finished-at="2021-05-20T21:51:46Z">
          <params>
            <param index="0">
              <value>
                <![CDATA[abc]]>
              </value>
            </param>
          </params>
          <reporter-output>
          </reporter-output>
        </test-method> <!-- invalidLogin -->
        <test-method status="PASS" signature="closeBrowser()[pri:0, instance:tests.LoginTest@3c09711b]" name="closeBrowser" is-config="true" duration-ms="4116" started-at="2021-05-20T21:51:46Z" finished-at="2021-05-20T21:51:50Z">
          <reporter-output>
          </reporter-output>
        </test-method> <!-- closeBrowser -->
        <test-method status="PASS" signature="endReport()[pri:0, instance:tests.LoginTest@3c09711b]" name="endReport" is-config="true" duration-ms="200" started-at="2021-05-20T21:51:50Z" finished-at="2021-05-20T21:51:50Z">
          <reporter-output>
          </reporter-output>
        </test-method> <!-- endReport -->
      </class> <!-- tests.LoginTest -->
    </test> <!-- Test -->
  </suite> <!-- Suite -->
</testng-results>
